C:\Program Files (x86)\MSBuild\Microsoft.Cpp\v4.0\V140\Microsoft.CppBuild.targets(392,5): warning MSB8028: The intermediate directory (Debug\) contains files shared from another project (ПОКЕР.vcxproj).  This can lead to incorrect clean and rebuild behavior.
  Game.cpp
d:\прогроммирование\программирование\2_семестр\ooп\экзамен_ооп (покер)\texas poker\покер\game.cpp(41): warning C4018: <: несоответствие типов со знаком и без знака
d:\прогроммирование\программирование\2_семестр\ooп\экзамен_ооп (покер)\texas poker\покер\game.cpp(47): warning C4018: <: несоответствие типов со знаком и без знака
d:\прогроммирование\программирование\2_семестр\ooп\экзамен_ооп (покер)\texas poker\покер\game.cpp(53): warning C4018: <: несоответствие типов со знаком и без знака
d:\прогроммирование\программирование\2_семестр\ooп\экзамен_ооп (покер)\texas poker\покер\game.cpp(116): warning C4018: <: несоответствие типов со знаком и без знака
d:\прогроммирование\программирование\2_семестр\ooп\экзамен_ооп (покер)\texas poker\покер\game.cpp(121): warning C4018: <: несоответствие типов со знаком и без знака
d:\прогроммирование\программирование\2_семестр\ooп\экзамен_ооп (покер)\texas poker\покер\game.cpp(174): warning C4018: <: несоответствие типов со знаком и без знака
d:\прогроммирование\программирование\2_семестр\ooп\экзамен_ооп (покер)\texas poker\покер\game.cpp(267): warning C4018: <: несоответствие типов со знаком и без знака
d:\прогроммирование\программирование\2_семестр\ooп\экзамен_ооп (покер)\texas poker\покер\game.cpp(269): warning C4552: +: оператор не имеет результата; требуется оператор с побочным действием
d:\прогроммирование\программирование\2_семестр\ooп\экзамен_ооп (покер)\texas poker\покер\game.cpp(314): warning C4018: <: несоответствие типов со знаком и без знака
d:\прогроммирование\программирование\2_семестр\ooп\экзамен_ооп (покер)\texas poker\покер\game.cpp(316): warning C4018: <: несоответствие типов со знаком и без знака
d:\прогроммирование\программирование\2_семестр\ooп\экзамен_ооп (покер)\texas poker\покер\game.cpp(329): warning C4018: <: несоответствие типов со знаком и без знака
d:\прогроммирование\программирование\2_семестр\ooп\экзамен_ооп (покер)\texas poker\покер\game.cpp(331): warning C4018: <: несоответствие типов со знаком и без знака
d:\прогроммирование\программирование\2_семестр\ooп\экзамен_ооп (покер)\texas poker\покер\game.cpp(347): warning C4018: <: несоответствие типов со знаком и без знака
d:\прогроммирование\программирование\2_семестр\ooп\экзамен_ооп (покер)\texas poker\покер\game.cpp(349): warning C4018: <: несоответствие типов со знаком и без знака
d:\прогроммирование\программирование\2_семестр\ooп\экзамен_ооп (покер)\texas poker\покер\game.cpp(356): warning C4018: <: несоответствие типов со знаком и без знака
d:\прогроммирование\программирование\2_семестр\ooп\экзамен_ооп (покер)\texas poker\покер\game.cpp(358): warning C4018: <: несоответствие типов со знаком и без знака
d:\прогроммирование\программирование\2_семестр\ooп\экзамен_ооп (покер)\texas poker\покер\game.cpp(360): warning C4018: <: несоответствие типов со знаком и без знака
d:\прогроммирование\программирование\2_семестр\ooп\экзамен_ооп (покер)\texas poker\покер\game.cpp(377): warning C4018: <: несоответствие типов со знаком и без знака
d:\прогроммирование\программирование\2_семестр\ooп\экзамен_ооп (покер)\texas poker\покер\game.cpp(379): warning C4018: <: несоответствие типов со знаком и без знака
d:\прогроммирование\программирование\2_семестр\ooп\экзамен_ооп (покер)\texas poker\покер\game.cpp(386): warning C4018: <: несоответствие типов со знаком и без знака
d:\прогроммирование\программирование\2_семестр\ooп\экзамен_ооп (покер)\texas poker\покер\game.cpp(388): warning C4018: <: несоответствие типов со знаком и без знака
d:\прогроммирование\программирование\2_семестр\ooп\экзамен_ооп (покер)\texas poker\покер\game.cpp(390): warning C4018: <: несоответствие типов со знаком и без знака
d:\прогроммирование\программирование\2_семестр\ooп\экзамен_ооп (покер)\texas poker\покер\game.cpp(445): warning C4018: <: несоответствие типов со знаком и без знака
d:\прогроммирование\программирование\2_семестр\ooп\экзамен_ооп (покер)\texas poker\покер\game.cpp(463): warning C4018: <: несоответствие типов со знаком и без знака
d:\прогроммирование\программирование\2_семестр\ooп\экзамен_ооп (покер)\texas poker\покер\game.cpp(477): warning C4018: <: несоответствие типов со знаком и без знака
d:\прогроммирование\программирование\2_семестр\ooп\экзамен_ооп (покер)\texas poker\покер\game.cpp(480): warning C4018: <: несоответствие типов со знаком и без знака
d:\прогроммирование\программирование\2_семестр\ooп\экзамен_ооп (покер)\texas poker\покер\game.cpp(491): warning C4018: <: несоответствие типов со знаком и без знака
d:\прогроммирование\программирование\2_семестр\ooп\экзамен_ооп (покер)\texas poker\покер\game.cpp(515): warning C4018: <: несоответствие типов со знаком и без знака
d:\прогроммирование\программирование\2_семестр\ooп\экзамен_ооп (покер)\texas poker\покер\game.cpp(761): warning C4244: аргумент: преобразование "time_t" в "unsigned int", возможна потеря данных
d:\прогроммирование\программирование\2_семестр\ooп\экзамен_ооп (покер)\texas poker\покер\game.cpp(771): warning C4101: y: неиспользованная локальная переменная
d:\прогроммирование\программирование\2_семестр\ooп\экзамен_ооп (покер)\texas poker\покер\game.cpp(771): warning C4101: n: неиспользованная локальная переменная
d:\прогроммирование\программирование\2_семестр\ooп\экзамен_ооп (покер)\texas poker\покер\game.cpp(752): warning C4715: Player::Who_did_win: значение возвращается не при всех путях выполнения
d:\прогроммирование\программирование\2_семестр\ooп\экзамен_ооп (покер)\texas poker\покер\game.cpp(118): warning C4715: Player::find_card_first: значение возвращается не при всех путях выполнения
d:\прогроммирование\программирование\2_семестр\ooп\экзамен_ооп (покер)\texas poker\покер\game.cpp(124): warning C4715: Player::find_card_second: значение возвращается не при всех путях выполнения
d:\прогроммирование\программирование\2_семестр\ooп\экзамен_ооп (покер)\texas poker\покер\game.cpp(50): warning C4715: Deck_of_cards::Find_card_second: значение возвращается не при всех путях выполнения
d:\прогроммирование\программирование\2_семестр\ooп\экзамен_ооп (покер)\texas poker\покер\game.cpp(44): warning C4715: Deck_of_cards::Find_card_first: значение возвращается не при всех путях выполнения
d:\прогроммирование\программирование\2_семестр\ooп\экзамен_ооп (покер)\texas poker\покер\game.cpp(339): warning C4715: Player::_One_Pair: значение возвращается не при всех путях выполнения
d:\прогроммирование\программирование\2_семестр\ooп\экзамен_ооп (покер)\texas poker\покер\game.cpp(417): warning C4715: Player::_Three_of_a_kind: значение возвращается не при всех путях выполнения
d:\прогроммирование\программирование\2_семестр\ooп\экзамен_ооп (покер)\texas poker\покер\game.cpp(396): warning C4715: Player::_Two_Pair: значение возвращается не при всех путях выполнения
d:\прогроммирование\программирование\2_семестр\ooп\экзамен_ооп (покер)\texas poker\покер\game.cpp(440): warning C4715: Player::_Four_of_a_Kind: значение возвращается не при всех путях выполнения
  ПОКЕР.vcxproj -> D:\ПРОГРОММИРОВАНИЕ\ПРОГРАММИРОВАНИЕ\2_семестр\OOП\Экзамен_ООП (Покер)\Texas Poker\Debug\Texas Poker.exe
